Watching for file changes with StatReloader
"GET / HTTP/1.1" 200 13
INFO 2024-07-06 17:09:51,038 autoreload 577678 139861158348608 Watching for file changes with StatReloader
INFO 2024-07-06 17:10:02,151 autoreload 577678 139861158348608 /home/gojiil/dev/python/gb/django/lesson1/myproject/myapp/views.py changed, reloading.
INFO 2024-07-06 17:10:02,341 autoreload 577716 139620919035712 Watching for file changes with StatReloader
INFO 2024-07-06 17:10:05,971 basehttp 577716 139620633282240 "GET / HTTP/1.1" 200 305
INFO 2024-07-06 17:10:15,297 basehttp 577716 139620633282240 "GET /about HTTP/1.1" 200 0
INFO 2024-07-06 17:10:18,527 basehttp 577716 139620633282240 "GET /about HTTP/1.1" 200 0
INFO 2024-07-06 17:10:19,178 basehttp 577716 139620633282240 "GET /about HTTP/1.1" 200 0
INFO 2024-07-06 17:10:51,552 basehttp 577716 139620633282240 "GET / HTTP/1.1" 200 305
INFO 2024-07-06 17:10:55,370 basehttp 577716 139620633282240 "GET /about HTTP/1.1" 200 0
WARNING 2024-07-06 17:10:59,064 log 577716 139620633282240 Not Found: /about/
WARNING 2024-07-06 17:10:59,064 basehttp 577716 139620633282240 "GET /about/ HTTP/1.1" 404 2425
INFO 2024-07-06 17:11:01,321 basehttp 577716 139620633282240 "GET /about HTTP/1.1" 200 0
INFO 2024-07-06 17:11:18,479 basehttp 577716 139620633282240 "GET /about HTTP/1.1" 200 331
INFO 2024-07-06 17:12:05,390 autoreload 577716 139620919035712 /home/gojiil/dev/python/gb/django/lesson1/myproject/myapp/views.py changed, reloading.
INFO 2024-07-06 17:12:05,585 autoreload 577949 140007141295936 Watching for file changes with StatReloader
INFO 2024-07-06 17:12:09,046 basehttp 577949 140006857377472 "GET / HTTP/1.1" 200 305
INFO 2024-07-14 09:44:48,433 autoreload 151464 139774019409728 Watching for file changes with StatReloader
INFO 2024-07-14 09:45:01,270 basehttp 151464 139773735864000 "GET / HTTP/1.1" 200 305
WARNING 2024-07-14 09:45:01,310 log 151464 139773735864000 Not Found: /favicon.ico
INFO 2024-07-14 09:45:07,371 basehttp 151464 139773735864000 "GET /about HTTP/1.1" 200 331
INFO 2024-07-18 14:14:11,535 autoreload 79946 140522981721920 Watching for file changes with StatReloader
WARNING 2024-07-18 14:14:23,750 log 79946 140522698049216 Not Found: /
WARNING 2024-07-18 14:14:23,750 basehttp 79946 140522698049216 "GET / HTTP/1.1" 404 2278
WARNING 2024-07-18 14:14:23,800 log 79946 140522698049216 Not Found: /favicon.ico
WARNING 2024-07-18 14:14:23,801 basehttp 79946 140522698049216 "GET /favicon.ico HTTP/1.1" 404 2329
INFO 2024-07-18 14:14:37,606 basehttp 79946 140522698049216 "GET /lesson3/hello HTTP/1.1" 200 20
INFO 2024-07-18 14:14:42,224 basehttp 79946 140522698049216 "GET /lesson3/helloview HTTP/1.1" 200 17
INFO 2024-07-18 15:20:55,848 autoreload 82720 140218355398464 Watching for file changes with StatReloader
WARNING 2024-07-18 15:21:05,265 log 82720 140217996543680 Not Found: /
WARNING 2024-07-18 15:21:05,265 basehttp 82720 140217996543680 "GET / HTTP/1.1" 404 2278
ERROR 2024-07-18 15:21:11,635 log 82720 140217996543680 Internal Server Error: /lesson3/
Traceback (most recent call last):
  File "/home/gojiil/dev/python/gb/django/django_lessons/venv/lib64/python3.12/site-packages/django/core/handlers/exception.py", line 55, in inner
    response = get_response(request)
               ^^^^^^^^^^^^^^^^^^^^^
  File "/home/gojiil/dev/python/gb/django/django_lessons/venv/lib64/python3.12/site-packages/django/core/handlers/base.py", line 197, in _get_response
    response = wrapped_callback(request, *callback_args, **callback_kwargs)
               ^^^^^^^^^^^^^^^^^^^^^^^^^^^^^^^^^^^^^^^^^^^^^^^^^^^^^^^^^^^^
  File "/home/gojiil/dev/python/gb/django/django_lessons/myproject/lesson3/views.py", line 26, in my_view
    return render(request, "lesson3/index.html", context)
           ^^^^^^^^^^^^^^^^^^^^^^^^^^^^^^^^^^^^^^^^^^^^^^
  File "/home/gojiil/dev/python/gb/django/django_lessons/venv/lib64/python3.12/site-packages/django/shortcuts.py", line 25, in render
    content = loader.render_to_string(template_name, context, request, using=using)
              ^^^^^^^^^^^^^^^^^^^^^^^^^^^^^^^^^^^^^^^^^^^^^^^^^^^^^^^^^^^^^^^^^^^^^
  File "/home/gojiil/dev/python/gb/django/django_lessons/venv/lib64/python3.12/site-packages/django/template/loader.py", line 61, in render_to_string
    template = get_template(template_name, using=using)
               ^^^^^^^^^^^^^^^^^^^^^^^^^^^^^^^^^^^^^^^^
  File "/home/gojiil/dev/python/gb/django/django_lessons/venv/lib64/python3.12/site-packages/django/template/loader.py", line 19, in get_template
    raise TemplateDoesNotExist(template_name, chain=chain)
django.template.exceptions.TemplateDoesNotExist: lesson3/index.html
ERROR 2024-07-18 15:21:11,635 basehttp 82720 140217996543680 "GET /lesson3/ HTTP/1.1" 500 85532
INFO 2024-07-18 15:22:19,655 autoreload 82720 140218355398464 /home/gojiil/dev/python/gb/django/django_lessons/myproject/lesson3/views.py changed, reloading.
INFO 2024-07-18 15:22:19,847 autoreload 82958 140367442233152 Watching for file changes with StatReloader
INFO 2024-07-18 15:22:22,653 basehttp 82958 140367156479680 "GET /lesson3/ HTTP/1.1" 200 226
INFO 2024-07-24 16:49:39,870 autoreload 86354 139750000330560 Watching for file changes with StatReloader
INFO 2024-07-24 16:51:11,065 autoreload 86535 140399239329600 Watching for file changes with StatReloader
INFO 2024-07-24 16:51:52,447 autoreload 86659 139854111418176 Watching for file changes with StatReloader
ERROR 2024-07-24 16:52:07,335 log 86659 139853826098880 Internal Server Error: /lesson4/client/add/
Traceback (most recent call last):
  File "/home/gojiil/dev/python/gb/django/django_lessons/venv/lib64/python3.12/site-packages/django/template/backends/django.py", line 61, in render
    return self.template.render(context)
           ^^^^^^^^^^^^^^^^^^^^^^^^^^^^^
  File "/home/gojiil/dev/python/gb/django/django_lessons/venv/lib64/python3.12/site-packages/django/template/base.py", line 171, in render
    return self._render(context)
           ^^^^^^^^^^^^^^^^^^^^^
  File "/home/gojiil/dev/python/gb/django/django_lessons/venv/lib64/python3.12/site-packages/django/template/base.py", line 163, in _render
    return self.nodelist.render(context)
           ^^^^^^^^^^^^^^^^^^^^^^^^^^^^^
  File "/home/gojiil/dev/python/gb/django/django_lessons/venv/lib64/python3.12/site-packages/django/template/base.py", line 1000, in render
    return SafeString("".join([node.render_annotated(context) for node in self]))
                               ^^^^^^^^^^^^^^^^^^^^^^^^^^^^^^
  File "/home/gojiil/dev/python/gb/django/django_lessons/venv/lib64/python3.12/site-packages/django/template/base.py", line 961, in render_annotated
    return self.render(context)
           ^^^^^^^^^^^^^^^^^^^^
  File "/home/gojiil/dev/python/gb/django/django_lessons/venv/lib64/python3.12/site-packages/django/template/loader_tags.py", line 134, in render
    compiled_parent = self.get_parent(context)
                      ^^^^^^^^^^^^^^^^^^^^^^^^
  File "/home/gojiil/dev/python/gb/django/django_lessons/venv/lib64/python3.12/site-packages/django/template/loader_tags.py", line 131, in get_parent
    return self.find_template(parent, context)
           ^^^^^^^^^^^^^^^^^^^^^^^^^^^^^^^^^^^
  File "/home/gojiil/dev/python/gb/django/django_lessons/venv/lib64/python3.12/site-packages/django/template/loader_tags.py", line 109, in find_template
    template, origin = context.template.engine.find_template(
                       ^^^^^^^^^^^^^^^^^^^^^^^^^^^^^^^^^^^^^^
  File "/home/gojiil/dev/python/gb/django/django_lessons/venv/lib64/python3.12/site-packages/django/template/engine.py", line 163, in find_template
    raise TemplateDoesNotExist(name, tried=tried)
django.template.exceptions.TemplateDoesNotExist: base.html

The above exception was the direct cause of the following exception:

Traceback (most recent call last):
  File "/home/gojiil/dev/python/gb/django/django_lessons/venv/lib64/python3.12/site-packages/django/core/handlers/exception.py", line 55, in inner
    response = get_response(request)
               ^^^^^^^^^^^^^^^^^^^^^
  File "/home/gojiil/dev/python/gb/django/django_lessons/venv/lib64/python3.12/site-packages/django/core/handlers/base.py", line 197, in _get_response
    response = wrapped_callback(request, *callback_args, **callback_kwargs)
               ^^^^^^^^^^^^^^^^^^^^^^^^^^^^^^^^^^^^^^^^^^^^^^^^^^^^^^^^^^^^
  File "/home/gojiil/dev/python/gb/django/django_lessons/myproject/lesson4/views.py", line 21, in client_form
    return render(request, 'form.html', {'form': form})
           ^^^^^^^^^^^^^^^^^^^^^^^^^^^^^^^^^^^^^^^^^^^^
  File "/home/gojiil/dev/python/gb/django/django_lessons/venv/lib64/python3.12/site-packages/django/shortcuts.py", line 25, in render
    content = loader.render_to_string(template_name, context, request, using=using)
              ^^^^^^^^^^^^^^^^^^^^^^^^^^^^^^^^^^^^^^^^^^^^^^^^^^^^^^^^^^^^^^^^^^^^^
  File "/home/gojiil/dev/python/gb/django/django_lessons/venv/lib64/python3.12/site-packages/django/template/loader.py", line 62, in render_to_string
    return template.render(context, request)
           ^^^^^^^^^^^^^^^^^^^^^^^^^^^^^^^^^
  File "/home/gojiil/dev/python/gb/django/django_lessons/venv/lib64/python3.12/site-packages/django/template/backends/django.py", line 63, in render
    reraise(exc, self.backend)
  File "/home/gojiil/dev/python/gb/django/django_lessons/venv/lib64/python3.12/site-packages/django/template/backends/django.py", line 84, in reraise
    raise new from exc
django.template.exceptions.TemplateDoesNotExist: base.html
ERROR 2024-07-24 16:52:07,337 basehttp 86659 139853826098880 "GET /lesson4/client/add/ HTTP/1.1" 500 134097
WARNING 2024-07-24 16:52:07,393 log 86659 139853826098880 Not Found: /favicon.ico
WARNING 2024-07-24 16:52:07,393 basehttp 86659 139853826098880 "GET /favicon.ico HTTP/1.1" 404 2437
INFO 2024-07-24 16:53:48,449 autoreload 86981 140513636472640 Watching for file changes with StatReloader
ERROR 2024-07-24 16:53:59,037 log 86981 140513275545280 Internal Server Error: /lesson4/client/add/
Traceback (most recent call last):
  File "/home/gojiil/dev/python/gb/django/django_lessons/venv/lib64/python3.12/site-packages/django/template/backends/django.py", line 61, in render
    return self.template.render(context)
           ^^^^^^^^^^^^^^^^^^^^^^^^^^^^^
  File "/home/gojiil/dev/python/gb/django/django_lessons/venv/lib64/python3.12/site-packages/django/template/base.py", line 171, in render
    return self._render(context)
           ^^^^^^^^^^^^^^^^^^^^^
  File "/home/gojiil/dev/python/gb/django/django_lessons/venv/lib64/python3.12/site-packages/django/template/base.py", line 163, in _render
    return self.nodelist.render(context)
           ^^^^^^^^^^^^^^^^^^^^^^^^^^^^^
  File "/home/gojiil/dev/python/gb/django/django_lessons/venv/lib64/python3.12/site-packages/django/template/base.py", line 1000, in render
    return SafeString("".join([node.render_annotated(context) for node in self]))
                               ^^^^^^^^^^^^^^^^^^^^^^^^^^^^^^
  File "/home/gojiil/dev/python/gb/django/django_lessons/venv/lib64/python3.12/site-packages/django/template/base.py", line 961, in render_annotated
    return self.render(context)
           ^^^^^^^^^^^^^^^^^^^^
  File "/home/gojiil/dev/python/gb/django/django_lessons/venv/lib64/python3.12/site-packages/django/template/loader_tags.py", line 134, in render
    compiled_parent = self.get_parent(context)
                      ^^^^^^^^^^^^^^^^^^^^^^^^
  File "/home/gojiil/dev/python/gb/django/django_lessons/venv/lib64/python3.12/site-packages/django/template/loader_tags.py", line 131, in get_parent
    return self.find_template(parent, context)
           ^^^^^^^^^^^^^^^^^^^^^^^^^^^^^^^^^^^
  File "/home/gojiil/dev/python/gb/django/django_lessons/venv/lib64/python3.12/site-packages/django/template/loader_tags.py", line 109, in find_template
    template, origin = context.template.engine.find_template(
                       ^^^^^^^^^^^^^^^^^^^^^^^^^^^^^^^^^^^^^^
  File "/home/gojiil/dev/python/gb/django/django_lessons/venv/lib64/python3.12/site-packages/django/template/engine.py", line 163, in find_template
    raise TemplateDoesNotExist(name, tried=tried)
django.template.exceptions.TemplateDoesNotExist: base.html

The above exception was the direct cause of the following exception:

Traceback (most recent call last):
  File "/home/gojiil/dev/python/gb/django/django_lessons/venv/lib64/python3.12/site-packages/django/core/handlers/exception.py", line 55, in inner
    response = get_response(request)
               ^^^^^^^^^^^^^^^^^^^^^
  File "/home/gojiil/dev/python/gb/django/django_lessons/venv/lib64/python3.12/site-packages/django/core/handlers/base.py", line 197, in _get_response
    response = wrapped_callback(request, *callback_args, **callback_kwargs)
               ^^^^^^^^^^^^^^^^^^^^^^^^^^^^^^^^^^^^^^^^^^^^^^^^^^^^^^^^^^^^
  File "/home/gojiil/dev/python/gb/django/django_lessons/myproject/lesson4/views.py", line 21, in client_form
    return render(request, 'lesson4/base_form.html', {'form': form})
           ^^^^^^^^^^^^^^^^^^^^^^^^^^^^^^^^^^^^^^^^^^^^^^^^^^^^^^^^^
  File "/home/gojiil/dev/python/gb/django/django_lessons/venv/lib64/python3.12/site-packages/django/shortcuts.py", line 25, in render
    content = loader.render_to_string(template_name, context, request, using=using)
              ^^^^^^^^^^^^^^^^^^^^^^^^^^^^^^^^^^^^^^^^^^^^^^^^^^^^^^^^^^^^^^^^^^^^^
  File "/home/gojiil/dev/python/gb/django/django_lessons/venv/lib64/python3.12/site-packages/django/template/loader.py", line 62, in render_to_string
    return template.render(context, request)
           ^^^^^^^^^^^^^^^^^^^^^^^^^^^^^^^^^
  File "/home/gojiil/dev/python/gb/django/django_lessons/venv/lib64/python3.12/site-packages/django/template/backends/django.py", line 63, in render
    reraise(exc, self.backend)
  File "/home/gojiil/dev/python/gb/django/django_lessons/venv/lib64/python3.12/site-packages/django/template/backends/django.py", line 84, in reraise
    raise new from exc
django.template.exceptions.TemplateDoesNotExist: base.html
ERROR 2024-07-24 16:53:59,038 basehttp 86981 140513275545280 "GET /lesson4/client/add/ HTTP/1.1" 500 134227
INFO 2024-07-24 16:57:16,741 autoreload 87400 140266500687680 Watching for file changes with StatReloader
ERROR 2024-07-24 16:57:27,561 log 87400 140266224748224 Internal Server Error: /lesson4/client/add/
Traceback (most recent call last):
  File "/home/gojiil/dev/python/gb/django/django_lessons/venv/lib64/python3.12/site-packages/django/template/backends/django.py", line 61, in render
    return self.template.render(context)
           ^^^^^^^^^^^^^^^^^^^^^^^^^^^^^
  File "/home/gojiil/dev/python/gb/django/django_lessons/venv/lib64/python3.12/site-packages/django/template/base.py", line 171, in render
    return self._render(context)
           ^^^^^^^^^^^^^^^^^^^^^
  File "/home/gojiil/dev/python/gb/django/django_lessons/venv/lib64/python3.12/site-packages/django/template/base.py", line 163, in _render
    return self.nodelist.render(context)
           ^^^^^^^^^^^^^^^^^^^^^^^^^^^^^
  File "/home/gojiil/dev/python/gb/django/django_lessons/venv/lib64/python3.12/site-packages/django/template/base.py", line 1000, in render
    return SafeString("".join([node.render_annotated(context) for node in self]))
                               ^^^^^^^^^^^^^^^^^^^^^^^^^^^^^^
  File "/home/gojiil/dev/python/gb/django/django_lessons/venv/lib64/python3.12/site-packages/django/template/base.py", line 961, in render_annotated
    return self.render(context)
           ^^^^^^^^^^^^^^^^^^^^
  File "/home/gojiil/dev/python/gb/django/django_lessons/venv/lib64/python3.12/site-packages/django/template/loader_tags.py", line 134, in render
    compiled_parent = self.get_parent(context)
                      ^^^^^^^^^^^^^^^^^^^^^^^^
  File "/home/gojiil/dev/python/gb/django/django_lessons/venv/lib64/python3.12/site-packages/django/template/loader_tags.py", line 131, in get_parent
    return self.find_template(parent, context)
           ^^^^^^^^^^^^^^^^^^^^^^^^^^^^^^^^^^^
  File "/home/gojiil/dev/python/gb/django/django_lessons/venv/lib64/python3.12/site-packages/django/template/loader_tags.py", line 109, in find_template
    template, origin = context.template.engine.find_template(
                       ^^^^^^^^^^^^^^^^^^^^^^^^^^^^^^^^^^^^^^
  File "/home/gojiil/dev/python/gb/django/django_lessons/venv/lib64/python3.12/site-packages/django/template/engine.py", line 163, in find_template
    raise TemplateDoesNotExist(name, tried=tried)
django.template.exceptions.TemplateDoesNotExist: base.html

The above exception was the direct cause of the following exception:

Traceback (most recent call last):
  File "/home/gojiil/dev/python/gb/django/django_lessons/venv/lib64/python3.12/site-packages/django/core/handlers/exception.py", line 55, in inner
    response = get_response(request)
               ^^^^^^^^^^^^^^^^^^^^^
  File "/home/gojiil/dev/python/gb/django/django_lessons/venv/lib64/python3.12/site-packages/django/core/handlers/base.py", line 197, in _get_response
    response = wrapped_callback(request, *callback_args, **callback_kwargs)
               ^^^^^^^^^^^^^^^^^^^^^^^^^^^^^^^^^^^^^^^^^^^^^^^^^^^^^^^^^^^^
  File "/home/gojiil/dev/python/gb/django/django_lessons/myproject/lesson4/views.py", line 21, in client_form
    return render(request, 'lesson4/base_form.html', {'form': form})
           ^^^^^^^^^^^^^^^^^^^^^^^^^^^^^^^^^^^^^^^^^^^^^^^^^^^^^^^^^
  File "/home/gojiil/dev/python/gb/django/django_lessons/venv/lib64/python3.12/site-packages/django/shortcuts.py", line 25, in render
    content = loader.render_to_string(template_name, context, request, using=using)
              ^^^^^^^^^^^^^^^^^^^^^^^^^^^^^^^^^^^^^^^^^^^^^^^^^^^^^^^^^^^^^^^^^^^^^
  File "/home/gojiil/dev/python/gb/django/django_lessons/venv/lib64/python3.12/site-packages/django/template/loader.py", line 62, in render_to_string
    return template.render(context, request)
           ^^^^^^^^^^^^^^^^^^^^^^^^^^^^^^^^^
  File "/home/gojiil/dev/python/gb/django/django_lessons/venv/lib64/python3.12/site-packages/django/template/backends/django.py", line 63, in render
    reraise(exc, self.backend)
  File "/home/gojiil/dev/python/gb/django/django_lessons/venv/lib64/python3.12/site-packages/django/template/backends/django.py", line 84, in reraise
    raise new from exc
django.template.exceptions.TemplateDoesNotExist: base.html
ERROR 2024-07-24 16:57:27,562 basehttp 87400 140266224748224 "GET /lesson4/client/add/ HTTP/1.1" 500 134227
INFO 2024-07-24 16:59:36,606 autoreload 87700 139900276102976 Watching for file changes with StatReloader
INFO 2024-07-24 16:59:48,483 basehttp 87700 139899990705856 "GET /lesson4/client/add HTTP/1.1" 301 0
ERROR 2024-07-24 16:59:48,527 log 87700 139899990705856 Internal Server Error: /lesson4/client/add/
Traceback (most recent call last):
  File "/home/gojiil/dev/python/gb/django/django_lessons/venv/lib64/python3.12/site-packages/django/template/backends/django.py", line 61, in render
    return self.template.render(context)
           ^^^^^^^^^^^^^^^^^^^^^^^^^^^^^
  File "/home/gojiil/dev/python/gb/django/django_lessons/venv/lib64/python3.12/site-packages/django/template/base.py", line 171, in render
    return self._render(context)
           ^^^^^^^^^^^^^^^^^^^^^
  File "/home/gojiil/dev/python/gb/django/django_lessons/venv/lib64/python3.12/site-packages/django/template/base.py", line 163, in _render
    return self.nodelist.render(context)
           ^^^^^^^^^^^^^^^^^^^^^^^^^^^^^
  File "/home/gojiil/dev/python/gb/django/django_lessons/venv/lib64/python3.12/site-packages/django/template/base.py", line 1000, in render
    return SafeString("".join([node.render_annotated(context) for node in self]))
                               ^^^^^^^^^^^^^^^^^^^^^^^^^^^^^^
  File "/home/gojiil/dev/python/gb/django/django_lessons/venv/lib64/python3.12/site-packages/django/template/base.py", line 961, in render_annotated
    return self.render(context)
           ^^^^^^^^^^^^^^^^^^^^
  File "/home/gojiil/dev/python/gb/django/django_lessons/venv/lib64/python3.12/site-packages/django/template/loader_tags.py", line 134, in render
    compiled_parent = self.get_parent(context)
                      ^^^^^^^^^^^^^^^^^^^^^^^^
  File "/home/gojiil/dev/python/gb/django/django_lessons/venv/lib64/python3.12/site-packages/django/template/loader_tags.py", line 131, in get_parent
    return self.find_template(parent, context)
           ^^^^^^^^^^^^^^^^^^^^^^^^^^^^^^^^^^^
  File "/home/gojiil/dev/python/gb/django/django_lessons/venv/lib64/python3.12/site-packages/django/template/loader_tags.py", line 109, in find_template
    template, origin = context.template.engine.find_template(
                       ^^^^^^^^^^^^^^^^^^^^^^^^^^^^^^^^^^^^^^
  File "/home/gojiil/dev/python/gb/django/django_lessons/venv/lib64/python3.12/site-packages/django/template/engine.py", line 163, in find_template
    raise TemplateDoesNotExist(name, tried=tried)
django.template.exceptions.TemplateDoesNotExist: base.html

The above exception was the direct cause of the following exception:

Traceback (most recent call last):
  File "/home/gojiil/dev/python/gb/django/django_lessons/venv/lib64/python3.12/site-packages/django/core/handlers/exception.py", line 55, in inner
    response = get_response(request)
               ^^^^^^^^^^^^^^^^^^^^^
  File "/home/gojiil/dev/python/gb/django/django_lessons/venv/lib64/python3.12/site-packages/django/core/handlers/base.py", line 197, in _get_response
    response = wrapped_callback(request, *callback_args, **callback_kwargs)
               ^^^^^^^^^^^^^^^^^^^^^^^^^^^^^^^^^^^^^^^^^^^^^^^^^^^^^^^^^^^^
  File "/home/gojiil/dev/python/gb/django/django_lessons/myproject/lesson4/views.py", line 21, in client_form
    return render(request, 'base_form.html', {'form': form})
           ^^^^^^^^^^^^^^^^^^^^^^^^^^^^^^^^^^^^^^^^^^^^^^^^^
  File "/home/gojiil/dev/python/gb/django/django_lessons/venv/lib64/python3.12/site-packages/django/shortcuts.py", line 25, in render
    content = loader.render_to_string(template_name, context, request, using=using)
              ^^^^^^^^^^^^^^^^^^^^^^^^^^^^^^^^^^^^^^^^^^^^^^^^^^^^^^^^^^^^^^^^^^^^^
  File "/home/gojiil/dev/python/gb/django/django_lessons/venv/lib64/python3.12/site-packages/django/template/loader.py", line 62, in render_to_string
    return template.render(context, request)
           ^^^^^^^^^^^^^^^^^^^^^^^^^^^^^^^^^
  File "/home/gojiil/dev/python/gb/django/django_lessons/venv/lib64/python3.12/site-packages/django/template/backends/django.py", line 63, in render
    reraise(exc, self.backend)
  File "/home/gojiil/dev/python/gb/django/django_lessons/venv/lib64/python3.12/site-packages/django/template/backends/django.py", line 84, in reraise
    raise new from exc
django.template.exceptions.TemplateDoesNotExist: base.html
ERROR 2024-07-24 16:59:48,529 basehttp 87700 139899990705856 "GET /lesson4/client/add/ HTTP/1.1" 500 134147
INFO 2024-07-24 17:01:10,555 autoreload 87700 139900276102976 /home/gojiil/dev/python/gb/django/django_lessons/myproject/myproject/settings.py changed, reloading.
INFO 2024-07-24 17:01:10,754 autoreload 87934 139921076021056 Watching for file changes with StatReloader
INFO 2024-07-24 17:01:14,127 basehttp 87934 139920792356544 "GET /lesson4/client/add/ HTTP/1.1" 200 817
INFO 2024-07-24 17:07:07,019 basehttp 87934 139920792356544 "GET /lesson4/client/add/ HTTP/1.1" 200 1021
INFO 2024-07-24 17:07:55,452 basehttp 87934 139920792356544 "POST /lesson4/client/add/ HTTP/1.1" 200 1097
INFO 2024-07-24 17:13:41,319 basehttp 87934 139920792356544 "POST /lesson4/client/add/ HTTP/1.1" 200 1122
WARNING 2024-07-24 17:13:41,379 log 87934 139920792356544 Not Found: /favicon.ico
INFO 2024-07-24 17:16:42,373 autoreload 87934 139921076021056 /home/gojiil/dev/python/gb/django/django_lessons/myproject/lesson4/forms.py changed, reloading.
INFO 2024-07-24 17:16:42,583 autoreload 89433 139658717968192 Watching for file changes with StatReloader
ERROR 2024-07-24 17:16:47,154 log 89433 139658434447040 Internal Server Error: /lesson4/client/add/
Traceback (most recent call last):
  File "/home/gojiil/dev/python/gb/django/django_lessons/venv/lib64/python3.12/site-packages/django/core/handlers/exception.py", line 55, in inner
    response = get_response(request)
               ^^^^^^^^^^^^^^^^^^^^^
  File "/home/gojiil/dev/python/gb/django/django_lessons/venv/lib64/python3.12/site-packages/django/core/handlers/base.py", line 197, in _get_response
    response = wrapped_callback(request, *callback_args, **callback_kwargs)
               ^^^^^^^^^^^^^^^^^^^^^^^^^^^^^^^^^^^^^^^^^^^^^^^^^^^^^^^^^^^^
  File "/home/gojiil/dev/python/gb/django/django_lessons/myproject/lesson4/views.py", line 17, in client_form
    address = form.cleaned_data['address']
              ~~~~~~~~~~~~~~~~~^^^^^^^^^^^
KeyError: 'address'
ERROR 2024-07-24 17:16:47,155 basehttp 89433 139658434447040 "POST /lesson4/client/add/ HTTP/1.1" 500 73445
INFO 2024-07-24 17:19:43,338 autoreload 89433 139658717968192 /home/gojiil/dev/python/gb/django/django_lessons/myproject/lesson4/forms.py changed, reloading.
INFO 2024-07-24 17:19:43,533 autoreload 89641 139681757353792 Watching for file changes with StatReloader
INFO 2024-07-24 17:19:50,294 basehttp 89641 139681394067136 "POST /lesson4/client/add/ HTTP/1.1" 200 1167
INFO 2024-07-24 17:20:10,873 autoreload 89641 139681757353792 /home/gojiil/dev/python/gb/django/django_lessons/myproject/lesson4/forms.py changed, reloading.
INFO 2024-07-24 17:20:11,063 autoreload 89803 139852710848320 Watching for file changes with StatReloader
INFO 2024-07-24 17:20:14,522 basehttp 89803 139852427298496 "POST /lesson4/client/add/ HTTP/1.1" 200 1170
INFO 2024-07-24 17:20:15,496 basehttp 89803 139852427298496 "POST /lesson4/client/add/ HTTP/1.1" 200 1170
INFO 2024-07-24 17:20:43,203 basehttp 89803 139852427298496 "GET /lesson4/item/add/ HTTP/1.1" 200 1102
INFO 2024-07-24 17:29:20,874 autoreload 89803 139852710848320 /home/gojiil/dev/python/gb/django/django_lessons/myproject/lesson4/views.py changed, reloading.
INFO 2024-07-24 17:29:21,074 autoreload 90303 140549183219520 Watching for file changes with StatReloader
INFO 2024-07-24 17:33:09,630 autoreload 91001 140117491111744 Watching for file changes with StatReloader
INFO 2024-07-24 17:33:21,810 autoreload 91001 140117491111744 /home/gojiil/dev/python/gb/django/django_lessons/myproject/lesson4/views.py changed, reloading.
INFO 2024-07-24 17:33:22,006 autoreload 91052 140223338551104 Watching for file changes with StatReloader
INFO 2024-07-24 17:33:25,707 basehttp 91052 140223052777152 "GET /lesson4/item/add/ HTTP/1.1" 200 1077
INFO 2024-07-24 17:33:40,277 autoreload 91052 140223338551104 /home/gojiil/dev/python/gb/django/django_lessons/myproject/lesson3/urls.py changed, reloading.
INFO 2024-07-24 17:33:40,454 autoreload 91116 140529937303360 Watching for file changes with StatReloader
INFO 2024-07-24 17:33:44,567 autoreload 91116 140529937303360 /home/gojiil/dev/python/gb/django/django_lessons/myproject/lesson3/urls.py changed, reloading.
INFO 2024-07-24 17:33:44,748 autoreload 91145 139688367744832 Watching for file changes with StatReloader
INFO 2024-07-24 17:34:12,790 autoreload 91333 140627020683072 Watching for file changes with StatReloader
INFO 2024-07-24 17:34:16,765 basehttp 91333 140626735662784 "GET /lesson4/item/add/ HTTP/1.1" 200 1077
INFO 2024-07-24 17:34:28,423 autoreload 91442 140573736523584 Watching for file changes with StatReloader
INFO 2024-07-24 17:34:58,584 basehttp 91442 140573451224768 "POST /lesson4/item/add/ HTTP/1.1" 200 1135
INFO 2024-07-24 17:36:34,664 basehttp 91442 140573451224768 "POST /lesson4/item/add/ HTTP/1.1" 200 1155
INFO 2024-07-24 17:37:15,309 basehttp 91442 140573451224768 "GET /lesson4/client/add/ HTTP/1.1" 200 1092
INFO 2024-07-24 17:40:48,820 autoreload 91442 140573736523584 /home/gojiil/dev/python/gb/django/django_lessons/myproject/lesson4/forms.py changed, reloading.
INFO 2024-07-24 17:40:49,023 autoreload 91945 139895748020032 Watching for file changes with StatReloader
INFO 2024-07-24 17:41:18,704 basehttp 91945 139895462954688 "POST /lesson4/client/add/ HTTP/1.1" 200 1234
INFO 2024-07-24 17:41:26,163 basehttp 91945 139895462954688 "POST /lesson4/client/add/ HTTP/1.1" 200 1162
INFO 2024-07-24 17:51:14,637 basehttp 91945 139895462954688 "GET /lesson4/item/add/ HTTP/1.1" 200 1100
INFO 2024-07-24 17:51:48,934 autoreload 91945 139895748020032 /home/gojiil/dev/python/gb/django/django_lessons/myproject/myproject/settings.py changed, reloading.
INFO 2024-07-24 17:51:49,143 autoreload 92695 139764458739520 Watching for file changes with StatReloader
INFO 2024-07-24 17:51:51,289 basehttp 92695 139764172850880 "GET /lesson4/item/add/ HTTP/1.1" 200 1300
INFO 2024-07-24 17:52:35,078 basehttp 92695 139764172850880 "POST /lesson4/item/add/ HTTP/1.1" 200 1350
INFO 2024-07-24 17:54:51,982 autoreload 92695 139764458739520 /home/gojiil/dev/python/gb/django/django_lessons/myproject/lesson4/forms.py changed, reloading.
INFO 2024-07-24 17:54:52,189 autoreload 92997 140339786950464 Watching for file changes with StatReloader
INFO 2024-07-27 14:17:15,285 autoreload 208207 139793674270528 Watching for file changes with StatReloader
INFO 2024-07-27 14:17:26,549 basehttp 208207 139793390372544 "GET /admin HTTP/1.1" 301 0
INFO 2024-07-27 14:17:26,580 basehttp 208207 139793390372544 "GET /admin/ HTTP/1.1" 302 0
INFO 2024-07-27 14:17:26,602 basehttp 208207 139793390372544 "GET /admin/login/?next=/admin/ HTTP/1.1" 200 4359
INFO 2024-07-27 14:17:26,684 basehttp 208207 139793379886784 "GET /static/admin/css/dark_mode.css HTTP/1.1" 200 2682
INFO 2024-07-27 14:17:26,684 basehttp 208207 139793358915264 "GET /static/admin/css/nav_sidebar.css HTTP/1.1" 200 2810
INFO 2024-07-27 14:17:26,685 basehttp 208207 139793348429504 "GET /static/admin/js/nav_sidebar.js HTTP/1.1" 200 3063
INFO 2024-07-27 14:17:26,685 basehttp 208207 139793390372544 "GET /static/admin/css/base.css HTTP/1.1" 200 21544
INFO 2024-07-27 14:17:26,685 basehttp 208207 139793369401024 "GET /static/admin/js/theme.js HTTP/1.1" 200 1943
INFO 2024-07-27 14:17:26,686 basehttp 208207 139793264543424 "GET /static/admin/css/login.css HTTP/1.1" 200 958
INFO 2024-07-27 14:17:26,687 basehttp 208207 139793379886784 "GET /static/admin/css/responsive.css HTTP/1.1" 200 17905
INFO 2024-07-27 14:17:31,269 basehttp 208207 139793390372544 "POST /admin/login/?next=/admin/ HTTP/1.1" 302 0
INFO 2024-07-27 14:17:31,278 basehttp 208207 139793390372544 "GET /admin/ HTTP/1.1" 200 5944
INFO 2024-07-27 14:17:31,366 basehttp 208207 139793390372544 "GET /static/admin/css/dashboard.css HTTP/1.1" 200 441
INFO 2024-07-27 14:17:31,381 basehttp 208207 139793390372544 "GET /static/admin/img/icon-addlink.svg HTTP/1.1" 200 331
INFO 2024-07-27 14:17:31,381 basehttp 208207 139793379886784 "GET /static/admin/img/icon-changelink.svg HTTP/1.1" 200 380
INFO 2024-07-27 16:41:41,838 autoreload 214693 140054057789248 Watching for file changes with StatReloader
INFO 2024-07-27 16:41:45,561 basehttp 214693 140053772764864 "GET /admin/ HTTP/1.1" 200 7510
INFO 2024-07-27 16:54:08,722 basehttp 214693 140053772764864 "GET /admin/ HTTP/1.1" 200 7510
INFO 2024-07-27 16:54:14,204 autoreload 216856 139628500309824 Watching for file changes with StatReloader
INFO 2024-07-27 16:54:15,725 basehttp 216856 139628216583872 "GET /admin/ HTTP/1.1" 200 7510
INFO 2024-07-27 16:54:17,073 basehttp 216856 139628216583872 "GET /admin/ HTTP/1.1" 200 7510
INFO 2024-07-27 16:54:24,136 autoreload 216946 140425494992704 Watching for file changes with StatReloader
INFO 2024-07-27 16:54:25,928 basehttp 216946 140425209841344 "GET /admin/ HTTP/1.1" 200 9076
INFO 2024-07-27 16:54:28,919 basehttp 216946 140425209841344 "GET /admin/lesson4/client/ HTTP/1.1" 200 11248
INFO 2024-07-27 16:54:28,951 basehttp 216946 140425176286912 "GET /static/admin/js/jquery.init.js HTTP/1.1" 200 347
INFO 2024-07-27 16:54:28,953 basehttp 216946 140425209841344 "GET /static/admin/css/changelists.css HTTP/1.1" 200 6811
INFO 2024-07-27 16:54:28,953 basehttp 216946 140425094497984 "GET /static/admin/js/core.js HTTP/1.1" 200 6208
INFO 2024-07-27 16:54:28,953 basehttp 216946 140425084012224 "GET /static/admin/js/admin/RelatedObjectLookups.js HTTP/1.1" 200 9042
INFO 2024-07-27 16:54:28,953 basehttp 216946 140425176286912 "GET /static/admin/js/actions.js HTTP/1.1" 200 8067
INFO 2024-07-27 16:54:28,957 basehttp 216946 140425094497984 "GET /static/admin/js/prepopulate.js HTTP/1.1" 200 1531
INFO 2024-07-27 16:54:28,957 basehttp 216946 140425084012224 "GET /static/admin/js/urlify.js HTTP/1.1" 200 7887
INFO 2024-07-27 16:54:28,958 basehttp 216946 140425197258432 "GET /admin/jsi18n/ HTTP/1.1" 200 17546
INFO 2024-07-27 16:54:28,959 basehttp 216946 140425186772672 "GET /static/admin/js/vendor/jquery/jquery.js HTTP/1.1" 200 285314
INFO 2024-07-27 16:54:28,961 basehttp 216946 140425197258432 "GET /static/admin/js/vendor/xregexp/xregexp.js HTTP/1.1" 200 325171
INFO 2024-07-27 16:54:28,995 basehttp 216946 140425209841344 "GET /static/admin/js/filters.js HTTP/1.1" 200 978
INFO 2024-07-27 16:54:29,036 basehttp 216946 140425197258432 "GET /static/admin/img/tooltag-add.svg HTTP/1.1" 200 331
INFO 2024-07-27 16:54:31,167 basehttp 216946 140425197258432 "GET /admin/lesson4/item/ HTTP/1.1" 200 11987
INFO 2024-07-27 16:54:31,207 basehttp 216946 140425197258432 "GET /admin/jsi18n/ HTTP/1.1" 200 17546
INFO 2024-07-27 16:54:47,228 basehttp 216946 140425197258432 "GET /admin/lesson4/item/1/change/ HTTP/1.1" 200 13383
INFO 2024-07-27 16:54:47,253 basehttp 216946 140425084012224 "GET /static/admin/js/prepopulate_init.js HTTP/1.1" 200 586
INFO 2024-07-27 16:54:47,253 basehttp 216946 140425209841344 "GET /static/admin/js/change_form.js HTTP/1.1" 200 606
INFO 2024-07-27 16:54:47,253 basehttp 216946 140425197258432 "GET /static/admin/css/forms.css HTTP/1.1" 200 9090
INFO 2024-07-27 16:54:47,255 basehttp 216946 140425186772672 "GET /admin/jsi18n/ HTTP/1.1" 200 17546
INFO 2024-07-27 16:54:47,303 basehttp 216946 140425197258432 "GET /static/admin/css/widgets.css HTTP/1.1" 200 11800
INFO 2024-07-27 16:55:11,636 basehttp 216946 140425197258432 "POST /admin/lesson4/item/1/change/ HTTP/1.1" 200 13578
INFO 2024-07-27 16:55:11,665 basehttp 216946 140425197258432 "GET /admin/jsi18n/ HTTP/1.1" 200 17546
INFO 2024-07-27 16:55:22,119 basehttp 216946 140425197258432 "GET /admin/lesson4/item/1/change/ HTTP/1.1" 200 13383
INFO 2024-07-27 16:55:23,405 basehttp 216946 140425197258432 "GET /admin/lesson4/item/ HTTP/1.1" 200 11987
INFO 2024-07-27 16:55:54,082 basehttp 216946 140425197258432 "GET /admin/lesson4/item/2/change/ HTTP/1.1" 200 13383
INFO 2024-07-27 16:55:54,114 basehttp 216946 140425197258432 "GET /admin/jsi18n/ HTTP/1.1" 200 17546
INFO 2024-07-27 16:56:16,911 basehttp 216946 140425197258432 "POST /admin/lesson4/item/2/change/ HTTP/1.1" 302 0
INFO 2024-07-27 16:56:16,923 basehttp 216946 140425197258432 "GET /admin/lesson4/item/ HTTP/1.1" 200 12208
INFO 2024-07-27 16:56:17,010 basehttp 216946 140425197258432 "GET /admin/jsi18n/ HTTP/1.1" 200 17546
INFO 2024-07-27 16:56:17,024 basehttp 216946 140425197258432 "GET /static/admin/img/icon-yes.svg HTTP/1.1" 200 436
INFO 2024-07-27 17:05:37,035 autoreload 216946 140425494992704 /home/gojiil/dev/python/gb/django/django_lessons/myproject/lesson4/models.py changed, reloading.
INFO 2024-07-27 17:05:37,253 autoreload 217721 139710689326912 Watching for file changes with StatReloader
INFO 2024-07-27 17:05:41,574 basehttp 217721 139710403970752 "GET /admin/lesson4/item/2/change/ HTTP/1.1" 200 13361
INFO 2024-07-27 17:05:41,601 basehttp 217721 139710403970752 "GET /admin/jsi18n/ HTTP/1.1" 200 17546
INFO 2024-07-27 17:05:44,263 basehttp 217721 139710403970752 "POST /admin/lesson4/item/2/change/ HTTP/1.1" 302 0
INFO 2024-07-27 17:05:44,283 basehttp 217721 139710403970752 "GET /admin/lesson4/item/ HTTP/1.1" 200 12208
INFO 2024-07-27 17:05:44,370 basehttp 217721 139710403970752 "GET /admin/jsi18n/ HTTP/1.1" 200 17546
INFO 2024-07-27 17:07:41,539 autoreload 217721 139710689326912 /home/gojiil/dev/python/gb/django/django_lessons/myproject/lesson4/models.py changed, reloading.
INFO 2024-07-27 17:07:41,768 autoreload 217881 139928617387840 Watching for file changes with StatReloader
INFO 2024-07-27 17:08:39,390 autoreload 217881 139928617387840 /home/gojiil/dev/python/gb/django/django_lessons/myproject/lesson4/models.py changed, reloading.
INFO 2024-07-27 17:08:39,609 autoreload 217994 140343188031296 Watching for file changes with StatReloader
INFO 2024-07-27 17:09:06,983 autoreload 217994 140343188031296 /home/gojiil/dev/python/gb/django/django_lessons/myproject/lesson5/models.py changed, reloading.
INFO 2024-07-27 17:09:07,208 autoreload 218052 139889794742080 Watching for file changes with StatReloader
INFO 2024-07-27 17:09:22,451 autoreload 218052 139889794742080 /home/gojiil/dev/python/gb/django/django_lessons/myproject/lesson4/models.py changed, reloading.
INFO 2024-07-27 17:09:22,678 autoreload 218108 140666403137344 Watching for file changes with StatReloader
INFO 2024-07-27 17:27:16,806 autoreload 218108 140666403137344 /home/gojiil/dev/python/gb/django/django_lessons/myproject/lesson5/admin.py changed, reloading.
INFO 2024-07-27 17:27:17,005 autoreload 219007 139803747260224 Watching for file changes with StatReloader
INFO 2024-07-27 17:27:23,959 basehttp 219007 139803397981888 "GET /admin/lesson5/item/ HTTP/1.1" 200 9682
INFO 2024-07-27 17:27:23,994 basehttp 219007 139803397981888 "GET /admin/jsi18n/ HTTP/1.1" 200 17546
WARNING 2024-07-27 17:27:24,066 log 219007 139803397981888 Not Found: /favicon.ico
INFO 2024-07-27 17:27:25,906 basehttp 219007 139803397981888 "GET /admin/lesson5/item/add/ HTTP/1.1" 200 13030
INFO 2024-07-27 17:27:25,935 basehttp 219007 139803397981888 "GET /admin/jsi18n/ HTTP/1.1" 200 17546
INFO 2024-07-27 17:27:50,196 basehttp 219007 139803397981888 "POST /admin/lesson5/item/add/ HTTP/1.1" 302 0
INFO 2024-07-27 17:27:50,212 basehttp 219007 139803397981888 "GET /admin/lesson5/item/ HTTP/1.1" 200 11765
INFO 2024-07-27 17:27:50,297 basehttp 219007 139803397981888 "GET /admin/jsi18n/ HTTP/1.1" 200 17546
INFO 2024-07-27 17:27:58,633 basehttp 219007 139803397981888 "GET /admin/lesson4/item/ HTTP/1.1" 200 11979
INFO 2024-07-27 17:27:58,664 basehttp 219007 139803397981888 "GET /admin/jsi18n/ HTTP/1.1" 200 17546
INFO 2024-07-27 17:28:00,452 basehttp 219007 139803397981888 "GET /admin/lesson5/item/ HTTP/1.1" 200 11551
INFO 2024-07-27 17:28:00,492 basehttp 219007 139803397981888 "GET /admin/jsi18n/ HTTP/1.1" 200 17546
INFO 2024-07-27 17:29:00,024 autoreload 219007 139803747260224 /home/gojiil/dev/python/gb/django/django_lessons/myproject/lesson5/admin.py changed, reloading.
INFO 2024-07-27 17:29:00,236 autoreload 219221 140692044982080 Watching for file changes with StatReloader
INFO 2024-07-27 17:29:02,475 basehttp 219221 140691759957696 "GET /admin/lesson5/client/ HTTP/1.1" 200 9696
INFO 2024-07-27 17:29:02,501 basehttp 219221 140691759957696 "GET /admin/jsi18n/ HTTP/1.1" 200 17546
INFO 2024-07-27 17:29:04,104 basehttp 219221 140691759957696 "GET /admin/lesson5/client/add/ HTTP/1.1" 200 12375
INFO 2024-07-27 17:29:04,141 basehttp 219221 140691759957696 "GET /admin/jsi18n/ HTTP/1.1" 200 17546
INFO 2024-07-27 17:29:40,050 basehttp 219221 140691759957696 "POST /admin/lesson5/client/add/ HTTP/1.1" 302 0
INFO 2024-07-27 17:29:40,076 basehttp 219221 140691759957696 "GET /admin/lesson5/client/ HTTP/1.1" 200 11859
INFO 2024-07-27 17:29:40,163 basehttp 219221 140691759957696 "GET /admin/jsi18n/ HTTP/1.1" 200 17546
INFO 2024-07-27 17:31:09,527 autoreload 219221 140692044982080 /home/gojiil/dev/python/gb/django/django_lessons/myproject/lesson5/admin.py changed, reloading.
INFO 2024-07-27 17:31:09,748 autoreload 219494 140438987982656 Watching for file changes with StatReloader
INFO 2024-07-27 17:31:14,497 basehttp 219494 140438702917312 "GET /admin/lesson5/client/add/ HTTP/1.1" 200 12375
INFO 2024-07-27 17:31:14,532 basehttp 219494 140438702917312 "GET /admin/jsi18n/ HTTP/1.1" 200 17546
INFO 2024-07-27 17:31:39,184 basehttp 219494 140438702917312 "POST /admin/lesson5/client/add/ HTTP/1.1" 302 0
INFO 2024-07-27 17:31:39,206 basehttp 219494 140438702917312 "GET /admin/lesson5/client/ HTTP/1.1" 200 12291
INFO 2024-07-27 17:31:39,298 basehttp 219494 140438702917312 "GET /admin/jsi18n/ HTTP/1.1" 200 17546
INFO 2024-07-27 17:31:58,233 autoreload 219494 140438987982656 /home/gojiil/dev/python/gb/django/django_lessons/myproject/lesson5/admin.py changed, reloading.
INFO 2024-07-27 17:31:58,425 autoreload 219615 139691428898624 Watching for file changes with StatReloader
INFO 2024-07-27 17:32:01,298 basehttp 219615 139691143726784 "GET /admin/lesson5/client/ HTTP/1.1" 200 12053
INFO 2024-07-27 17:32:01,325 basehttp 219615 139691143726784 "GET /admin/jsi18n/ HTTP/1.1" 200 17546
INFO 2024-07-27 17:32:09,647 autoreload 219615 139691428898624 /home/gojiil/dev/python/gb/django/django_lessons/myproject/lesson5/admin.py changed, reloading.
INFO 2024-07-27 17:32:09,845 autoreload 219669 140476794181440 Watching for file changes with StatReloader
INFO 2024-07-27 17:32:12,115 basehttp 219669 140476432778944 "GET /admin/lesson5/client/ HTTP/1.1" 200 12053
INFO 2024-07-27 17:32:12,139 basehttp 219669 140476432778944 "GET /admin/jsi18n/ HTTP/1.1" 200 17546
INFO 2024-07-27 17:34:16,183 autoreload 219669 140476794181440 /home/gojiil/dev/python/gb/django/django_lessons/myproject/lesson5/admin.py changed, reloading.
INFO 2024-07-27 17:34:16,389 autoreload 219861 140099700221760 Watching for file changes with StatReloader
INFO 2024-07-28 09:03:06,505 autoreload 219861 140099700221760 /home/gojiil/dev/python/gb/django/django_lessons/myproject/lesson5/admin.py changed, reloading.
INFO 2024-07-28 09:03:06,713 autoreload 223214 140421225895744 Watching for file changes with StatReloader
INFO 2024-07-29 15:13:56,810 autoreload 297964 140498198951744 Watching for file changes with StatReloader
INFO 2024-07-29 15:14:02,853 basehttp 297964 140497840506560 "GET /admin/ HTTP/1.1" 200 10996
INFO 2024-07-29 15:14:02,889 basehttp 297964 140497840506560 "GET /static/admin/css/base.css HTTP/1.1" 200 21544
INFO 2024-07-29 15:14:02,890 basehttp 297964 140497809049280 "GET /static/admin/css/dashboard.css HTTP/1.1" 200 441
INFO 2024-07-29 15:14:02,891 basehttp 297964 140497819535040 "GET /static/admin/css/nav_sidebar.css HTTP/1.1" 200 2810
INFO 2024-07-29 15:14:02,891 basehttp 297964 140497830020800 "GET /static/admin/css/dark_mode.css HTTP/1.1" 200 2682
INFO 2024-07-29 15:14:02,892 basehttp 297964 140497788077760 "GET /static/admin/js/theme.js HTTP/1.1" 304 0
INFO 2024-07-29 15:14:02,892 basehttp 297964 140497809049280 "GET /static/admin/js/nav_sidebar.js HTTP/1.1" 304 0
INFO 2024-07-29 15:14:02,892 basehttp 297964 140497798563520 "GET /static/admin/css/responsive.css HTTP/1.1" 200 17905
INFO 2024-07-29 15:14:02,954 basehttp 297964 140497840506560 "GET /static/admin/img/icon-addlink.svg HTTP/1.1" 200 331
INFO 2024-07-29 15:14:02,954 basehttp 297964 140497798563520 "GET /static/admin/img/icon-changelink.svg HTTP/1.1" 200 380
INFO 2024-07-29 15:14:06,855 basehttp 297964 140497840506560 "GET /admin/lesson5/item/ HTTP/1.1" 200 12053
INFO 2024-07-29 15:14:06,884 basehttp 297964 140497840506560 "GET /static/admin/css/changelists.css HTTP/1.1" 304 0
INFO 2024-07-29 15:14:06,884 basehttp 297964 140497830020800 "GET /static/admin/js/jquery.init.js HTTP/1.1" 304 0
INFO 2024-07-29 15:14:06,884 basehttp 297964 140497788077760 "GET /static/admin/js/admin/RelatedObjectLookups.js HTTP/1.1" 304 0
INFO 2024-07-29 15:14:06,885 basehttp 297964 140497819535040 "GET /static/admin/js/vendor/jquery/jquery.js HTTP/1.1" 304 0
INFO 2024-07-29 15:14:06,885 basehttp 297964 140497809049280 "GET /static/admin/js/core.js HTTP/1.1" 304 0
INFO 2024-07-29 15:14:06,887 basehttp 297964 140497819535040 "GET /static/admin/js/vendor/xregexp/xregexp.js HTTP/1.1" 304 0
INFO 2024-07-29 15:14:06,887 basehttp 297964 140497788077760 "GET /static/admin/js/urlify.js HTTP/1.1" 304 0
INFO 2024-07-29 15:14:06,887 basehttp 297964 140497830020800 "GET /static/admin/js/actions.js HTTP/1.1" 304 0
INFO 2024-07-29 15:14:06,888 basehttp 297964 140497809049280 "GET /static/admin/js/prepopulate.js HTTP/1.1" 304 0
INFO 2024-07-29 15:14:06,890 basehttp 297964 140497798563520 "GET /admin/jsi18n/ HTTP/1.1" 200 17546
INFO 2024-07-29 15:14:06,891 basehttp 297964 140497798563520 "GET /static/admin/js/filters.js HTTP/1.1" 304 0
INFO 2024-07-29 15:14:06,928 basehttp 297964 140497840506560 "GET /static/admin/img/search.svg HTTP/1.1" 200 458
INFO 2024-07-29 15:14:06,954 basehttp 297964 140497798563520 "GET /static/admin/img/tooltag-add.svg HTTP/1.1" 200 331
INFO 2024-07-29 15:14:13,888 basehttp 297964 140497840506560 "GET /admin/lesson5/item/add/ HTTP/1.1" 200 13030
INFO 2024-07-29 15:14:13,912 basehttp 297964 140497798563520 "GET /static/admin/css/forms.css HTTP/1.1" 200 9090
INFO 2024-07-29 15:14:13,914 basehttp 297964 140497798563520 "GET /static/admin/js/change_form.js HTTP/1.1" 200 606
INFO 2024-07-29 15:14:13,914 basehttp 297964 140497819535040 "GET /static/admin/js/prepopulate_init.js HTTP/1.1" 200 586
INFO 2024-07-29 15:14:13,915 basehttp 297964 140497840506560 "GET /admin/jsi18n/ HTTP/1.1" 200 17546
INFO 2024-07-29 15:14:13,922 basehttp 297964 140497819535040 "GET /static/admin/css/widgets.css HTTP/1.1" 304 0
INFO 2024-07-29 15:14:36,839 basehttp 297964 140497840506560 "POST /admin/lesson5/item/add/ HTTP/1.1" 302 0
INFO 2024-07-29 15:14:36,848 basehttp 297964 140497840506560 "GET /admin/lesson5/item/ HTTP/1.1" 200 12698
INFO 2024-07-29 15:14:36,931 basehttp 297964 140497840506560 "GET /admin/jsi18n/ HTTP/1.1" 200 17546
INFO 2024-07-29 15:14:37,003 basehttp 297964 140497840506560 "GET /static/admin/img/icon-yes.svg HTTP/1.1" 200 436
INFO 2024-07-29 15:14:41,889 basehttp 297964 140497840506560 "GET /admin/lesson5/item/?q=blue HTTP/1.1" 200 12258
INFO 2024-07-29 15:14:41,924 basehttp 297964 140497840506560 "GET /admin/jsi18n/ HTTP/1.1" 200 17546
INFO 2024-07-29 15:22:14,226 autoreload 297964 140498198951744 /home/gojiil/dev/python/gb/django/django_lessons/myproject/lesson5/admin.py changed, reloading.
INFO 2024-07-29 15:22:14,469 autoreload 298579 139807156606784 Watching for file changes with StatReloader
INFO 2024-07-29 15:22:23,973 basehttp 298579 139806872962752 "GET /admin/lesson5/item/?q=blue HTTP/1.1" 200 12353
INFO 2024-07-29 15:22:23,998 basehttp 298579 139806872962752 "GET /admin/jsi18n/ HTTP/1.1" 200 17546
INFO 2024-07-29 15:22:31,485 basehttp 298579 139806872962752 "GET /admin/lesson5/item/?q= HTTP/1.1" 200 12664
INFO 2024-07-29 15:22:31,517 basehttp 298579 139806872962752 "GET /admin/jsi18n/ HTTP/1.1" 200 17546
INFO 2024-07-29 16:24:08,251 autoreload 302396 140545863677760 Watching for file changes with StatReloader
WARNING 2024-07-29 16:24:17,646 log 302396 140545575880384 Not Found: /
WARNING 2024-07-29 16:24:17,647 basehttp 302396 140545575880384 "GET / HTTP/1.1" 404 16815
INFO 2024-07-29 16:24:17,680 basehttp 302396 140545575880384 "GET /static/debug_toolbar/css/toolbar.css HTTP/1.1" 200 16675
INFO 2024-07-29 16:24:17,680 basehttp 302396 140545487800000 "GET /static/debug_toolbar/js/toolbar.js HTTP/1.1" 200 14601
INFO 2024-07-29 16:24:17,705 basehttp 302396 140545487800000 "GET /static/debug_toolbar/js/utils.js HTTP/1.1" 200 4742
INFO 2024-07-29 16:24:17,735 basehttp 302396 140545575880384 "GET /static/debug_toolbar/css/print.css HTTP/1.1" 200 43
WARNING 2024-07-29 16:24:17,826 log 302396 140545575880384 Not Found: /favicon.ico
WARNING 2024-07-29 16:24:36,564 log 302396 140545487800000 Not Found: /lesson4/
WARNING 2024-07-29 16:24:36,564 basehttp 302396 140545487800000 "GET /lesson4/ HTTP/1.1" 404 17123
INFO 2024-07-29 16:24:42,594 basehttp 302396 140545487800000 "GET /lesson3/ HTTP/1.1" 200 14571
INFO 2024-07-29 16:24:52,022 basehttp 302396 140545487800000 "GET /__debug__/render_panel/?store_id=5ecd0e1b00894d1da7fb60e66df33626&panel_id=HistoryPanel HTTP/1.1" 200 7434
INFO 2024-07-29 16:24:52,034 basehttp 302396 140545487800000 "GET /static/debug_toolbar/js/history.js HTTP/1.1" 200 3515
INFO 2024-07-29 16:24:53,892 basehttp 302396 140545487800000 "GET /__debug__/history_refresh/?store_id=5ecd0e1b00894d1da7fb60e66df33626&exclude_history=True HTTP/1.1" 200 6717
INFO 2024-07-29 16:24:57,491 basehttp 302396 140545487800000 "GET /__debug__/render_panel/?store_id=5ecd0e1b00894d1da7fb60e66df33626&panel_id=SettingsPanel HTTP/1.1" 200 27792
WARNING 2024-07-29 16:26:00,120 log 302396 140545487800000 Not Found: /lesson3/shop/1
WARNING 2024-07-29 16:26:00,120 basehttp 302396 140545487800000 "GET /lesson3/shop/1 HTTP/1.1" 404 17512
INFO 2024-07-29 16:26:00,158 basehttp 302396 140545487800000 "GET /static/debug_toolbar/css/toolbar.css HTTP/1.1" 304 0
INFO 2024-07-29 16:26:00,159 basehttp 302396 140545575880384 "GET /static/debug_toolbar/js/toolbar.js HTTP/1.1" 304 0
INFO 2024-07-29 16:26:00,167 basehttp 302396 140545575880384 "GET /static/debug_toolbar/js/utils.js HTTP/1.1" 304 0
INFO 2024-07-29 16:26:00,204 basehttp 302396 140545487800000 "GET /static/debug_toolbar/css/print.css HTTP/1.1" 304 0
WARNING 2024-07-29 16:26:05,897 log 302396 140545487800000 Not Found: /lesson3/shop/1/
WARNING 2024-07-29 16:26:05,897 basehttp 302396 140545487800000 "GET /lesson3/shop/1/ HTTP/1.1" 404 17518
WARNING 2024-07-29 16:26:10,347 log 302396 140545487800000 Not Found: /lesson3/shop/1/10
WARNING 2024-07-29 16:26:10,348 basehttp 302396 140545487800000 "GET /lesson3/shop/1/10 HTTP/1.1" 404 17276
WARNING 2024-07-29 16:26:14,325 log 302396 140545487800000 Not Found: /lesson3/shop/1/10/
WARNING 2024-07-29 16:26:14,325 basehttp 302396 140545487800000 "GET /lesson3/shop/1/10/ HTTP/1.1" 404 17530
WARNING 2024-07-29 16:26:31,255 log 302396 140545487800000 Not Found: /lesson3/shop/0/10/
WARNING 2024-07-29 16:26:31,256 basehttp 302396 140545487800000 "GET /lesson3/shop/0/10/ HTTP/1.1" 404 17530
INFO 2024-07-29 16:26:36,983 basehttp 302396 140545487800000 "GET /lesson3/helloview HTTP/1.1" 200 17
INFO 2024-07-29 16:26:42,145 basehttp 302396 140545487800000 "GET /lesson3 HTTP/1.1" 301 0
INFO 2024-07-29 16:26:42,155 basehttp 302396 140545575880384 "GET /lesson3/ HTTP/1.1" 200 14571
INFO 2024-07-29 16:26:51,416 basehttp 302396 140545575880384 "GET /lesson3/hello HTTP/1.1" 200 20
INFO 2024-07-29 16:26:55,409 basehttp 302396 140545575880384 "GET /lesson3/ HTTP/1.1" 200 14571
INFO 2024-07-29 16:27:30,237 basehttp 302396 140545575880384 "GET /lesson3/helloview HTTP/1.1" 200 17
INFO 2024-07-29 16:27:36,181 basehttp 302396 140545575880384 "GET /lesson3/ HTTP/1.1" 200 14571
INFO 2024-07-29 16:27:36,205 basehttp 302396 140545575880384 "GET /static/debug_toolbar/css/toolbar.css HTTP/1.1" 304 0
INFO 2024-07-29 16:27:36,205 basehttp 302396 140545487800000 "GET /static/debug_toolbar/js/toolbar.js HTTP/1.1" 304 0
INFO 2024-07-29 16:27:36,208 basehttp 302396 140545487800000 "GET /static/debug_toolbar/js/utils.js HTTP/1.1" 304 0
INFO 2024-07-29 16:27:36,309 basehttp 302396 140545575880384 "GET /static/debug_toolbar/css/print.css HTTP/1.1" 304 0
INFO 2024-07-29 16:27:43,799 basehttp 302396 140545575880384 "GET /lesson3/ HTTP/1.1" 200 14571
INFO 2024-07-29 16:28:13,840 basehttp 302396 140545575880384 "GET /__debug__/render_panel/?store_id=3268d3f5f21640ccbed56089aa4e2c02&panel_id=VersionsPanel HTTP/1.1" 200 760
INFO 2024-07-29 16:57:37,104 autoreload 304809 140628092852032 Watching for file changes with StatReloader
INFO 2024-07-29 16:57:45,236 basehttp 304809 140627805210304 "GET /admin/ HTTP/1.1" 200 25718
INFO 2024-07-29 16:57:45,269 basehttp 304809 140627794724544 "GET /static/debug_toolbar/css/toolbar.css HTTP/1.1" 304 0
INFO 2024-07-29 16:57:45,270 basehttp 304809 140627784238784 "GET /static/debug_toolbar/js/toolbar.js HTTP/1.1" 304 0
INFO 2024-07-29 16:57:45,276 basehttp 304809 140627794724544 "GET /static/debug_toolbar/js/utils.js HTTP/1.1" 304 0
INFO 2024-07-29 16:57:45,282 basehttp 304809 140627784238784 "GET /static/debug_toolbar/css/print.css HTTP/1.1" 304 0
INFO 2024-07-29 16:57:49,963 basehttp 304809 140627794724544 "GET /admin/lesson5/item/ HTTP/1.1" 200 88140
INFO 2024-07-29 16:57:49,991 basehttp 304809 140627784238784 "GET /static/admin/js/filters.js HTTP/1.1" 200 978
INFO 2024-07-29 16:57:50,004 basehttp 304809 140627794724544 "GET /admin/jsi18n/ HTTP/1.1" 200 17546
INFO 2024-07-29 17:03:22,647 autoreload 304809 140628092852032 /home/gojiil/dev/python/gb/django/django_lessons/myproject/lesson5/models.py changed, reloading.
INFO 2024-07-29 17:03:22,901 autoreload 305246 140290755508032 Watching for file changes with StatReloader
INFO 2024-07-29 17:13:20,256 autoreload 305246 140290755508032 /home/gojiil/dev/python/gb/django/django_lessons/myproject/myproject/urls.py changed, reloading.
INFO 2024-07-29 17:13:20,484 autoreload 305849 140682079463232 Watching for file changes with StatReloader
INFO 2024-07-29 17:13:45,263 basehttp 305849 140681718793920 "GET /lesson6/db HTTP/1.1" 301 0
INFO 2024-07-29 17:13:45,274 basehttp 305849 140681718793920 "GET /lesson6/db/ HTTP/1.1" 200 14759
INFO 2024-07-29 17:13:45,313 basehttp 305849 140681718793920 "GET /static/debug_toolbar/css/toolbar.css HTTP/1.1" 304 0
INFO 2024-07-29 17:13:45,314 basehttp 305849 140681708308160 "GET /static/debug_toolbar/js/toolbar.js HTTP/1.1" 304 0
INFO 2024-07-29 17:13:45,317 basehttp 305849 140681708308160 "GET /static/debug_toolbar/js/utils.js HTTP/1.1" 304 0
INFO 2024-07-29 17:13:45,359 basehttp 305849 140681718793920 "GET /static/debug_toolbar/css/print.css HTTP/1.1" 304 0
INFO 2024-07-29 17:13:54,754 basehttp 305849 140681718793920 "GET /lesson6/view HTTP/1.1" 301 0
INFO 2024-07-29 17:13:54,860 basehttp 305849 140681708308160 "GET /lesson6/view/ HTTP/1.1" 200 14711
WARNING 2024-07-29 17:14:03,925 log 305849 140681708308160 Not Found: /lesson6/template
WARNING 2024-07-29 17:14:03,925 basehttp 305849 140681708308160 "GET /lesson6/template HTTP/1.1" 404 17416
INFO 2024-07-29 17:14:15,215 autoreload 305849 140682079463232 /home/gojiil/dev/python/gb/django/django_lessons/myproject/lesson6/urls.py changed, reloading.
INFO 2024-07-29 17:14:15,447 autoreload 306017 139800260761408 Watching for file changes with StatReloader
INFO 2024-07-29 17:14:17,363 basehttp 306017 139799973332672 "GET /lesson6/template HTTP/1.1" 301 0
INFO 2024-07-29 17:14:17,380 basehttp 306017 139799973332672 "GET /lesson6/template/ HTTP/1.1" 200 14730
WARNING 2024-07-29 17:16:20,753 log 306017 139799973332672 Not Found: /lesson6/bd
WARNING 2024-07-29 17:16:20,754 basehttp 306017 139799973332672 "GET /lesson6/bd HTTP/1.1" 404 17394
INFO 2024-07-29 17:16:25,628 basehttp 306017 139799973332672 "GET /lesson6/db/ HTTP/1.1" 200 14759
INFO 2024-07-29 17:16:55,347 autoreload 306017 139800260761408 /home/gojiil/dev/python/gb/django/django_lessons/myproject/lesson6/views.py changed, reloading.
INFO 2024-07-29 17:16:55,566 autoreload 306251 139901569726272 Watching for file changes with StatReloader
INFO 2024-07-29 17:16:58,276 basehttp 306251 139901282551488 "GET /lesson6/db/ HTTP/1.1" 200 14730
